<?xml version="1.0" encoding="UTF-8"?>
<testng-results ignored="0" total="2" passed="2" failed="0" skipped="0">
  <reporter-output>
  </reporter-output>
  <suite started-at="2022-07-18T19:44:11 EDT" name="Default suite" finished-at="2022-07-18T19:44:16 EDT" duration-ms="5227">
    <groups>
    </groups>
    <test started-at="2022-07-18T19:44:11 EDT" name="Default test" finished-at="2022-07-18T19:44:16 EDT" duration-ms="5227">
      <class name="DynamicDataPayloadsLibrary.DynamicJson">
        <test-method signature="addBook(java.lang.String,java.lang.String,java.lang.String,java.lang.String)[pri:0, instance:DynamicDataPayloadsLibrary.DynamicJson@56620197]" started-at="2022-07-18T19:44:11 EDT" name="addBook" data-provider="credentials" finished-at="2022-07-18T19:44:15 EDT" duration-ms="4292" status="PASS">
          <params>
            <param index="0">
              <value>
                <![CDATA[Jack]]>
              </value>
            </param>
            <param index="1">
              <value>
                <![CDATA[wdhd8]]>
              </value>
            </param>
            <param index="2">
              <value>
                <![CDATA[12321]]>
              </value>
            </param>
            <param index="3">
              <value>
                <![CDATA[inder sharma]]>
              </value>
            </param>
          </params>
          <reporter-output>
          </reporter-output>
        </test-method> <!-- addBook -->
        <test-method signature="addBook(java.lang.String,java.lang.String,java.lang.String,java.lang.String)[pri:0, instance:DynamicDataPayloadsLibrary.DynamicJson@56620197]" started-at="2022-07-18T19:44:15 EDT" name="addBook" data-provider="credentials" finished-at="2022-07-18T19:44:16 EDT" duration-ms="846" status="PASS">
          <params>
            <param index="0">
              <value>
                <![CDATA[JackDaniel]]>
              </value>
            </param>
            <param index="1">
              <value>
                <![CDATA[dwhd82]]>
              </value>
            </param>
            <param index="2">
              <value>
                <![CDATA[223212]]>
              </value>
            </param>
            <param index="3">
              <value>
                <![CDATA[paru sharma]]>
              </value>
            </param>
          </params>
          <reporter-output>
          </reporter-output>
        </test-method> <!-- addBook -->
      </class> <!-- DynamicDataPayloadsLibrary.DynamicJson -->
    </test> <!-- Default test -->
  </suite> <!-- Default suite -->
</testng-results>
