<?xml version="1.0" encoding="UTF-8"?>
<testng-results ignored="0" total="1" passed="1" failed="0" skipped="0">
  <reporter-output>
  </reporter-output>
  <suite started-at="2022-07-23T17:48:19 EDT" name="Default suite" finished-at="2022-07-23T17:48:24 EDT" duration-ms="5512">
    <groups>
    </groups>
    <test started-at="2022-07-23T17:48:19 EDT" name="Default test" finished-at="2022-07-23T17:48:24 EDT" duration-ms="5512">
      <class name="Deserialization.PractiseDesiralzationExapmle">
        <test-method signature="Test()[pri:0, instance:Deserialization.PractiseDesiralzationExapmle@3bb9a3ff]" started-at="2022-07-23T17:48:19 EDT" name="Test" finished-at="2022-07-23T17:48:24 EDT" duration-ms="5398" status="PASS">
          <reporter-output>
          </reporter-output>
        </test-method> <!-- Test -->
      </class> <!-- Deserialization.PractiseDesiralzationExapmle -->
    </test> <!-- Default test -->
  </suite> <!-- Default suite -->
</testng-results>
